{
  "RSpec": {
    "coverage": {
      "/Users/tiffanyvallo/Makers/Projects/bank_tech_test/spec/account_spec.rb": {
        "lines": [
          null,
          null,
          1,
          1,
          2,
          null,
          1,
          1,
          1,
          null,
          1,
          1,
          null,
          null,
          null,
          1,
          2,
          1,
          1,
          1,
          null,
          null,
          null,
          1,
          1,
          4,
          null,
          2,
          1,
          1,
          1,
          null,
          1,
          2,
          null,
          1,
          2,
          null,
          null,
          null
        ]
      },
      "/Users/tiffanyvallo/Makers/Projects/bank_tech_test/lib/account.rb": {
        "lines": [
          null,
          null,
          1,
          1,
          null,
          1,
          9,
          null,
          null,
          1,
          5,
          null,
          null,
          1,
          3,
          2,
          1,
          null,
          null
        ]
      }
    },
    "timestamp": 1622576106
  }
}
