{
  "RSpec": {
    "coverage": {
      "/Users/tiffanyvallo/Makers/Projects/bank_tech_test/spec/account_spec.rb": {
        "lines": [
          null,
          null,
          1,
          1,
          2,
          null,
          1,
          1,
          1,
          null,
          1,
          1,
          null,
          null,
          null,
          1,
          2,
          null,
          null
        ]
      },
      "/Users/tiffanyvallo/Makers/Projects/bank_tech_test/lib/account.rb": {
        "lines": [
          null,
          null,
          1,
          null,
          1,
          null,
          1,
          4,
          null,
          null,
          1,
          null,
          null,
          null
        ]
      }
    },
    "timestamp": 1622565602
  }
}
